<?xml version="1.0" encoding="UTF-8"?>
<!-- Generated by org.testng.reporters.JUnitXMLReporter -->
<testsuite ignored="2" hostname="Guruprasad" failures="0" tests="2" name="smoke" time="4.405" errors="0" timestamp="2025-06-26T13:58:32 IST">
  <testcase classname="Basic.Api_Test_with_Json_file" name="Api_Tc3" time="0.269"/>
  <testcase classname="Basic.Api_Test_with_Json_file" name="Api_Tc4" time="0.262"/>
  <testcase classname="Basic.Api_Test_with_Json_file" name="Api_Tc2" time="0.0">
    <ignored/>
  </testcase> <!-- Api_Tc2 -->
  <testcase classname="Basic.Basics" name="apiTest" time="0.0">
    <ignored/>
  </testcase> <!-- apiTest -->
</testsuite> <!-- smoke -->
