<?xml version="1.0" encoding="UTF-8"?>
<!-- Generated by org.testng.reporters.JUnitXMLReporter -->
<testsuite ignored="0" hostname="Guruprasad" failures="0" tests="4" name="Test" time="9.988" errors="0" timestamp="2025-07-25T07:54:56 IST">
  <testcase classname="Basic.Api_Test_with_Json_file" name="Api_Tc2" time="0.318"/>
  <testcase classname="Basic.Api_Test_with_Json_file" name="Api_Tc3" time="0.268"/>
  <testcase classname="Basic.Api_Test_with_Json_file" name="Api_Tc4" time="0.274"/>
  <testcase classname="Basic.Basics" name="apiTest" time="4.753"/>
</testsuite> <!-- Test -->
