<?xml version="1.0" encoding="UTF-8"?>
<testng-results ignored="0" total="4" passed="4" failed="0" skipped="0">
  <reporter-output>
  </reporter-output>
  <suite started-at="2025-07-25T07:54:46 IST" name="Suite" finished-at="2025-07-25T07:54:56 IST" duration-ms="9988">
    <groups>
      <group name="functional">
        <method signature="Api_Test_with_Json_file.Api_Tc3()[pri:0, instance:Basic.Api_Test_with_Json_file@514646ef]" name="Api_Tc3" class="Basic.Api_Test_with_Json_file"/>
      </group> <!-- functional -->
      <group name="smoke">
        <method signature="Api_Test_with_Json_file.Api_Tc2()[pri:0, instance:Basic.Api_Test_with_Json_file@514646ef]" name="Api_Tc2" class="Basic.Api_Test_with_Json_file"/>
        <method signature="Basics.apiTest()[pri:0, instance:Basic.Basics@61c4eee0]" name="apiTest" class="Basic.Basics"/>
      </group> <!-- smoke -->
    </groups>
    <test started-at="2025-07-25T07:54:46 IST" name="Test" finished-at="2025-07-25T07:54:56 IST" duration-ms="9988">
      <class name="Basic.Api_Test_with_Json_file">
        <test-method is-config="true" signature="Api_External_file()[pri:0, instance:Basic.Api_Test_with_Json_file@514646ef]" started-at="2025-07-25T07:54:46 IST" name="Api_External_file" finished-at="2025-07-25T07:54:50 IST" duration-ms="4280" status="PASS">
          <reporter-output>
          </reporter-output>
        </test-method> <!-- Api_External_file -->
        <test-method signature="Api_Tc2()[pri:0, instance:Basic.Api_Test_with_Json_file@514646ef]" started-at="2025-07-25T07:54:50 IST" name="Api_Tc2" finished-at="2025-07-25T07:54:51 IST" duration-ms="318" status="PASS">
          <reporter-output>
          </reporter-output>
        </test-method> <!-- Api_Tc2 -->
        <test-method signature="Api_Tc3()[pri:0, instance:Basic.Api_Test_with_Json_file@514646ef]" started-at="2025-07-25T07:54:51 IST" name="Api_Tc3" finished-at="2025-07-25T07:54:51 IST" duration-ms="268" status="PASS">
          <reporter-output>
          </reporter-output>
        </test-method> <!-- Api_Tc3 -->
        <test-method signature="Api_Tc4()[pri:0, instance:Basic.Api_Test_with_Json_file@514646ef]" started-at="2025-07-25T07:54:51 IST" name="Api_Tc4" finished-at="2025-07-25T07:54:51 IST" duration-ms="274" status="PASS">
          <reporter-output>
          </reporter-output>
        </test-method> <!-- Api_Tc4 -->
      </class> <!-- Basic.Api_Test_with_Json_file -->
      <class name="Basic.Basics">
        <test-method signature="apiTest()[pri:0, instance:Basic.Basics@61c4eee0]" started-at="2025-07-25T07:54:51 IST" name="apiTest" finished-at="2025-07-25T07:54:56 IST" duration-ms="4753" status="PASS">
          <reporter-output>
          </reporter-output>
        </test-method> <!-- apiTest -->
      </class> <!-- Basic.Basics -->
    </test> <!-- Test -->
  </suite> <!-- Suite -->
</testng-results>
